<?xml version="1.0" encoding="UTF-8"?>
<testng-results skipped="0" failed="0" ignored="0" total="1" passed="1">
  <reporter-output>
  </reporter-output>
  <suite name="Default suite" duration-ms="111335" started-at="2021-03-24T15:33:57 IST" finished-at="2021-03-24T15:35:48 IST">
    <groups>
    </groups>
    <test name="Default test" duration-ms="111335" started-at="2021-03-24T15:33:57 IST" finished-at="2021-03-24T15:35:48 IST">
      <class name="com.Hackatone.TestClasses.GetBookshelves">
        <test-method status="PASS" signature="testOneForBookshelves()[pri:0, instance:com.Hackatone.TestClasses.GetBookshelves@22f8be7c]" name="testOneForBookshelves" duration-ms="104720" started-at="2021-03-24T15:33:57 IST" finished-at="2021-03-24T15:35:42 IST">
          <reporter-output>
          </reporter-output>
        </test-method> <!-- testOneForBookshelves -->
        <test-method status="PASS" signature="afterTest()[pri:0, instance:com.Hackatone.TestClasses.GetBookshelves@22f8be7c]" name="afterTest" is-config="true" duration-ms="4" started-at="2021-03-24T15:35:44 IST" finished-at="2021-03-24T15:35:44 IST">
          <reporter-output>
          </reporter-output>
        </test-method> <!-- afterTest -->
        <test-method status="PASS" signature="endReport()[pri:0, instance:com.Hackatone.TestClasses.GetBookshelves@22f8be7c]" name="endReport" is-config="true" duration-ms="4118" started-at="2021-03-24T15:35:44 IST" finished-at="2021-03-24T15:35:48 IST">
          <reporter-output>
          </reporter-output>
        </test-method> <!-- endReport -->
      </class> <!-- com.Hackatone.TestClasses.GetBookshelves -->
    </test> <!-- Default test -->
  </suite> <!-- Default suite -->
</testng-results>
